Build started 2016-03-10 오후 12:04:38.
     1>Project "C:\Users\Sheunggyu\Desktop\서버자료\온라인게임서버소스\PacketGenerator\PacketGenerator.vcxproj" on node 2 (Build target(s)).
     1>ClCompile:
         C:\Program Files (x86)\Microsoft Visual Studio 12.0\VC\bin\CL.exe /c /ZI /nologo /W3 /WX- /Od /Oy- /D WIN32 /D _DEBUG /D _CONSOLE /D _UNICODE /D UNICODE /Gm /EHsc /RTC1 /MDd /GS /fp:precise /Zc:wchar_t /Zc:forScope /Yc"stdafx.h" /Fp"Debug\PacketGenerator.pch" /Fo"Debug\\" /Fd"Debug\vc120.pdb" /Gd /TP /analyze- /errorReport:prompt stdafx.cpp
         stdafx.cpp
         C:\Program Files (x86)\Microsoft Visual Studio 12.0\VC\bin\CL.exe /c /ZI /nologo /W3 /WX- /Od /Oy- /D WIN32 /D _DEBUG /D _CONSOLE /D _UNICODE /D UNICODE /Gm /EHsc /RTC1 /MDd /GS /fp:precise /Zc:wchar_t /Zc:forScope /Yu"stdafx.h" /Fp"Debug\PacketGenerator.pch" /Fo"Debug\\" /Fd"Debug\vc120.pdb" /Gd /TP /analyze- /errorReport:prompt PacketGenerator.cpp
         PacketGenerator.cpp
     1>c:\users\sheunggyu\desktop\서버자료\온라인게임서버소스\packetgenerator\packetgenerator.cpp(36): warning C4996: '_snwprintf': This function or variable may be unsafe. Consider using _snwprintf_s instead. To disable deprecation, use _CRT_SECURE_NO_WARNINGS. See online help for details.
                 c:\program files (x86)\microsoft visual studio 12.0\vc\include\stdio.h(477) : see declaration of '_snwprintf'
     1>c:\users\sheunggyu\desktop\서버자료\온라인게임서버소스\packetgenerator\packetgenerator.cpp(37): warning C4996: '_snwprintf': This function or variable may be unsafe. Consider using _snwprintf_s instead. To disable deprecation, use _CRT_SECURE_NO_WARNINGS. See online help for details.
                 c:\program files (x86)\microsoft visual studio 12.0\vc\include\stdio.h(477) : see declaration of '_snwprintf'
     1>c:\users\sheunggyu\desktop\서버자료\온라인게임서버소스\packetgenerator\packetgenerator.cpp(38): warning C4996: '_snwprintf': This function or variable may be unsafe. Consider using _snwprintf_s instead. To disable deprecation, use _CRT_SECURE_NO_WARNINGS. See online help for details.
                 c:\program files (x86)\microsoft visual studio 12.0\vc\include\stdio.h(477) : see declaration of '_snwprintf'
     1>c:\users\sheunggyu\desktop\서버자료\온라인게임서버소스\packetgenerator\packetgenerator.cpp(42): warning C4996: '_wfopen': This function or variable may be unsafe. Consider using _wfopen_s instead. To disable deprecation, use _CRT_SECURE_NO_WARNINGS. See online help for details.
                 c:\program files (x86)\microsoft visual studio 12.0\vc\include\stdio.h(590) : see declaration of '_wfopen'
     1>c:\users\sheunggyu\desktop\서버자료\온라인게임서버소스\packetgenerator\packetgenerator.cpp(67): warning C4996: 'wcsncpy': This function or variable may be unsafe. Consider using wcsncpy_s instead. To disable deprecation, use _CRT_SECURE_NO_WARNINGS. See online help for details.
                 c:\program files (x86)\microsoft visual studio 12.0\vc\include\string.h(323) : see declaration of 'wcsncpy'
     1>c:\users\sheunggyu\desktop\서버자료\온라인게임서버소스\packetgenerator\packetgenerator.cpp(103): warning C4996: 'wcsncpy': This function or variable may be unsafe. Consider using wcsncpy_s instead. To disable deprecation, use _CRT_SECURE_NO_WARNINGS. See online help for details.
                 c:\program files (x86)\microsoft visual studio 12.0\vc\include\string.h(323) : see declaration of 'wcsncpy'
     1>c:\users\sheunggyu\desktop\서버자료\온라인게임서버소스\packetgenerator\packetgenerator.cpp(114): warning C4996: 'wcsncpy': This function or variable may be unsafe. Consider using wcsncpy_s instead. To disable deprecation, use _CRT_SECURE_NO_WARNINGS. See online help for details.
                 c:\program files (x86)\microsoft visual studio 12.0\vc\include\string.h(323) : see declaration of 'wcsncpy'
     1>c:\users\sheunggyu\desktop\서버자료\온라인게임서버소스\packetgenerator\packetgenerator.cpp(117): warning C4996: 'wcsncpy': This function or variable may be unsafe. Consider using wcsncpy_s instead. To disable deprecation, use _CRT_SECURE_NO_WARNINGS. See online help for details.
                 c:\program files (x86)\microsoft visual studio 12.0\vc\include\string.h(323) : see declaration of 'wcsncpy'
     1>c:\users\sheunggyu\desktop\서버자료\온라인게임서버소스\packetgenerator\packetgenerator.cpp(123): warning C4996: 'wcscpy': This function or variable may be unsafe. Consider using wcscpy_s instead. To disable deprecation, use _CRT_SECURE_NO_WARNINGS. See online help for details.
                 c:\program files (x86)\microsoft visual studio 12.0\vc\include\string.h(294) : see declaration of 'wcscpy'
     1>c:\users\sheunggyu\desktop\서버자료\온라인게임서버소스\packetgenerator\packetgenerator.cpp(133): warning C4996: '_wfopen': This function or variable may be unsafe. Consider using _wfopen_s instead. To disable deprecation, use _CRT_SECURE_NO_WARNINGS. See online help for details.
                 c:\program files (x86)\microsoft visual studio 12.0\vc\include\stdio.h(590) : see declaration of '_wfopen'
     1>c:\users\sheunggyu\desktop\서버자료\온라인게임서버소스\packetgenerator\packetgenerator.cpp(157): warning C4996: '_wfopen': This function or variable may be unsafe. Consider using _wfopen_s instead. To disable deprecation, use _CRT_SECURE_NO_WARNINGS. See online help for details.
                 c:\program files (x86)\microsoft visual studio 12.0\vc\include\stdio.h(590) : see declaration of '_wfopen'
     1>c:\users\sheunggyu\desktop\서버자료\온라인게임서버소스\packetgenerator\packetgenerator.cpp(208): warning C4996: '_wfopen': This function or variable may be unsafe. Consider using _wfopen_s instead. To disable deprecation, use _CRT_SECURE_NO_WARNINGS. See online help for details.
                 c:\program files (x86)\microsoft visual studio 12.0\vc\include\stdio.h(590) : see declaration of '_wfopen'
     1>c:\users\sheunggyu\desktop\서버자료\온라인게임서버소스\packetgenerator\packetgenerator.cpp(264): warning C4996: '_wcslwr': This function or variable may be unsafe. Consider using _wcslwr_s instead. To disable deprecation, use _CRT_SECURE_NO_WARNINGS. See online help for details.
                 c:\program files (x86)\microsoft visual studio 12.0\vc\include\string.h(355) : see declaration of '_wcslwr'
     1>c:\users\sheunggyu\desktop\서버자료\온라인게임서버소스\packetgenerator\packetgenerator.cpp(266): warning C4996: '_wcslwr': This function or variable may be unsafe. Consider using _wcslwr_s instead. To disable deprecation, use _CRT_SECURE_NO_WARNINGS. See online help for details.
                 c:\program files (x86)\microsoft visual studio 12.0\vc\include\string.h(355) : see declaration of '_wcslwr'
     1>c:\users\sheunggyu\desktop\서버자료\온라인게임서버소스\packetgenerator\packetgenerator.cpp(276): warning C4996: '_wcslwr': This function or variable may be unsafe. Consider using _wcslwr_s instead. To disable deprecation, use _CRT_SECURE_NO_WARNINGS. See online help for details.
                 c:\program files (x86)\microsoft visual studio 12.0\vc\include\string.h(355) : see declaration of '_wcslwr'
     1>c:\users\sheunggyu\desktop\서버자료\온라인게임서버소스\packetgenerator\packetgenerator.cpp(278): warning C4996: '_wcslwr': This function or variable may be unsafe. Consider using _wcslwr_s instead. To disable deprecation, use _CRT_SECURE_NO_WARNINGS. See online help for details.
                 c:\program files (x86)\microsoft visual studio 12.0\vc\include\string.h(355) : see declaration of '_wcslwr'
     1>c:\users\sheunggyu\desktop\서버자료\온라인게임서버소스\packetgenerator\packetgenerator.cpp(280): warning C4996: '_wcslwr': This function or variable may be unsafe. Consider using _wcslwr_s instead. To disable deprecation, use _CRT_SECURE_NO_WARNINGS. See online help for details.
                 c:\program files (x86)\microsoft visual studio 12.0\vc\include\string.h(355) : see declaration of '_wcslwr'
     1>c:\users\sheunggyu\desktop\서버자료\온라인게임서버소스\packetgenerator\packetgenerator.cpp(284): warning C4996: '_wcslwr': This function or variable may be unsafe. Consider using _wcslwr_s instead. To disable deprecation, use _CRT_SECURE_NO_WARNINGS. See online help for details.
                 c:\program files (x86)\microsoft visual studio 12.0\vc\include\string.h(355) : see declaration of '_wcslwr'
     1>c:\users\sheunggyu\desktop\서버자료\온라인게임서버소스\packetgenerator\packetgenerator.cpp(286): warning C4996: '_wcslwr': This function or variable may be unsafe. Consider using _wcslwr_s instead. To disable deprecation, use _CRT_SECURE_NO_WARNINGS. See online help for details.
                 c:\program files (x86)\microsoft visual studio 12.0\vc\include\string.h(355) : see declaration of '_wcslwr'
     1>c:\users\sheunggyu\desktop\서버자료\온라인게임서버소스\packetgenerator\packetgenerator.cpp(291): warning C4996: '_wcslwr': This function or variable may be unsafe. Consider using _wcslwr_s instead. To disable deprecation, use _CRT_SECURE_NO_WARNINGS. See online help for details.
                 c:\program files (x86)\microsoft visual studio 12.0\vc\include\string.h(355) : see declaration of '_wcslwr'
     1>c:\users\sheunggyu\desktop\서버자료\온라인게임서버소스\packetgenerator\packetgenerator.cpp(294): warning C4996: '_wcslwr': This function or variable may be unsafe. Consider using _wcslwr_s instead. To disable deprecation, use _CRT_SECURE_NO_WARNINGS. See online help for details.
                 c:\program files (x86)\microsoft visual studio 12.0\vc\include\string.h(355) : see declaration of '_wcslwr'
     1>c:\users\sheunggyu\desktop\서버자료\온라인게임서버소스\packetgenerator\packetgenerator.cpp(295): warning C4996: '_wcslwr': This function or variable may be unsafe. Consider using _wcslwr_s instead. To disable deprecation, use _CRT_SECURE_NO_WARNINGS. See online help for details.
                 c:\program files (x86)\microsoft visual studio 12.0\vc\include\string.h(355) : see declaration of '_wcslwr'
     1>c:\users\sheunggyu\desktop\서버자료\온라인게임서버소스\packetgenerator\packetgenerator.cpp(296): warning C4996: '_wcslwr': This function or variable may be unsafe. Consider using _wcslwr_s instead. To disable deprecation, use _CRT_SECURE_NO_WARNINGS. See online help for details.
                 c:\program files (x86)\microsoft visual studio 12.0\vc\include\string.h(355) : see declaration of '_wcslwr'
     1>c:\users\sheunggyu\desktop\서버자료\온라인게임서버소스\packetgenerator\packetgenerator.cpp(300): warning C4996: '_wcslwr': This function or variable may be unsafe. Consider using _wcslwr_s instead. To disable deprecation, use _CRT_SECURE_NO_WARNINGS. See online help for details.
                 c:\program files (x86)\microsoft visual studio 12.0\vc\include\string.h(355) : see declaration of '_wcslwr'
     1>c:\users\sheunggyu\desktop\서버자료\온라인게임서버소스\packetgenerator\packetgenerator.cpp(302): warning C4996: '_wcslwr': This function or variable may be unsafe. Consider using _wcslwr_s instead. To disable deprecation, use _CRT_SECURE_NO_WARNINGS. See online help for details.
                 c:\program files (x86)\microsoft visual studio 12.0\vc\include\string.h(355) : see declaration of '_wcslwr'
     1>c:\users\sheunggyu\desktop\서버자료\온라인게임서버소스\packetgenerator\packetgenerator.cpp(304): warning C4996: '_wcslwr': This function or variable may be unsafe. Consider using _wcslwr_s instead. To disable deprecation, use _CRT_SECURE_NO_WARNINGS. See online help for details.
                 c:\program files (x86)\microsoft visual studio 12.0\vc\include\string.h(355) : see declaration of '_wcslwr'
     1>c:\users\sheunggyu\desktop\서버자료\온라인게임서버소스\packetgenerator\packetgenerator.cpp(306): warning C4996: '_wcslwr': This function or variable may be unsafe. Consider using _wcslwr_s instead. To disable deprecation, use _CRT_SECURE_NO_WARNINGS. See online help for details.
                 c:\program files (x86)\microsoft visual studio 12.0\vc\include\string.h(355) : see declaration of '_wcslwr'
     1>c:\users\sheunggyu\desktop\서버자료\온라인게임서버소스\packetgenerator\packetgenerator.cpp(308): warning C4996: '_wcslwr': This function or variable may be unsafe. Consider using _wcslwr_s instead. To disable deprecation, use _CRT_SECURE_NO_WARNINGS. See online help for details.
                 c:\program files (x86)\microsoft visual studio 12.0\vc\include\string.h(355) : see declaration of '_wcslwr'
     1>c:\users\sheunggyu\desktop\서버자료\온라인게임서버소스\packetgenerator\packetgenerator.cpp(310): warning C4996: '_wcslwr': This function or variable may be unsafe. Consider using _wcslwr_s instead. To disable deprecation, use _CRT_SECURE_NO_WARNINGS. See online help for details.
                 c:\program files (x86)\microsoft visual studio 12.0\vc\include\string.h(355) : see declaration of '_wcslwr'
       Link:
         C:\Program Files (x86)\Microsoft Visual Studio 12.0\VC\bin\link.exe /ERRORREPORT:PROMPT /OUT:"Debug\PacketGenerator.exe" /INCREMENTAL /NOLOGO kernel32.lib user32.lib gdi32.lib winspool.lib comdlg32.lib advapi32.lib shell32.lib ole32.lib oleaut32.lib uuid.lib odbc32.lib odbccp32.lib /MANIFEST /MANIFESTUAC:"level='asInvoker' uiAccess='false'" /manifest:embed /DEBUG /PDB:"Debug\PacketGenerator.pdb" /SUBSYSTEM:CONSOLE /TLBID:1 /DYNAMICBASE /NXCOMPAT /IMPLIB:"Debug\PacketGenerator.lib" /MACHINE:X86 /SAFESEH Debug\PacketGenerator.obj
         Debug\stdafx.obj
     1>PacketGenerator.obj : warning LNK4075: ignoring '/EDITANDCONTINUE' due to '/SAFESEH' specification
         PacketGenerator.vcxproj -> C:\Users\Sheunggyu\Desktop\서버자료\온라인게임서버소스\PacketGenerator\Debug\PacketGenerator.exe
     1>Done Building Project "C:\Users\Sheunggyu\Desktop\서버자료\온라인게임서버소스\PacketGenerator\PacketGenerator.vcxproj" (Build target(s)).

Build succeeded.

Time Elapsed 00:00:02.46
