Build started 2016-04-11 오후 4:49:21.
     1>Project "C:\Users\Sheunggyu\Desktop\ContagionCity\server\server\CoreLib\CoreLib.vcxproj" on node 2 (Build target(s)).
     1>ClCompile:
         C:\Program Files (x86)\Microsoft Visual Studio 12.0\VC\bin\CL.exe /c /ZI /nologo /W3 /WX- /sdl /Od /Oy- /D WIN32 /D _DEBUG /D _LIB /D _CRT_SECURE_NO_WARNINGS /D _CRT_NON_CONFORMING_SWPRINTFS /D _WINSOCK_DEPRECATED_NO_WARNINGS /D _UNICODE /D UNICODE /Gm /EHsc /RTC1 /MDd /GS /fp:precise /Zc:wchar_t /Zc:forScope /Yu"stdafx.h" /Fp"Debug\CoreLib.pch" /Fo"Debug\\" /Fd"Debug\vc120.pdb" /Gd /TP /analyze- /errorReport:prompt ClientSession.cpp
         ClientSession.cpp
       Lib:
         C:\Program Files (x86)\Microsoft Visual Studio 12.0\VC\bin\Lib.exe /OUT:"Debug\CoreLib.lib" /NOLOGO Debug\ClientSession.obj
         Debug\EventSelect.obj
         Debug\IniFile.obj
         Debug\NetworkSession.obj
         Debug\Registry.obj
         Debug\CircularQueue.obj
         Debug\Log.obj
         Debug\Crypt.obj
         Debug\Service.obj
         Debug\MiniDump.obj
         Debug\Random.obj
         Debug\PacketSession.obj
         Debug\Iocp.obj
         Debug\stdafx.obj
         Debug\Stream.obj
         CoreLib.vcxproj -> C:\Users\Sheunggyu\Desktop\ContagionCity\server\server\CoreLib\Debug\CoreLib.lib
     1>Done Building Project "C:\Users\Sheunggyu\Desktop\ContagionCity\server\server\CoreLib\CoreLib.vcxproj" (Build target(s)).

Build succeeded.

Time Elapsed 00:00:00.33
