c:\users\sheunggyu\documents\github\contagioncity\server\server\corelib\debug\corelib.pch
c:\users\sheunggyu\documents\github\contagioncity\server\server\corelib\debug\vc120.pdb
c:\users\sheunggyu\documents\github\contagioncity\server\server\corelib\debug\vc120.idb
c:\users\sheunggyu\documents\github\contagioncity\server\server\corelib\debug\stdafx.obj
c:\users\sheunggyu\documents\github\contagioncity\server\server\corelib\debug\inifile.obj
c:\users\sheunggyu\documents\github\contagioncity\server\server\corelib\debug\registry.obj
c:\users\sheunggyu\documents\github\contagioncity\server\server\corelib\debug\circularqueue.obj
c:\users\sheunggyu\documents\github\contagioncity\server\server\corelib\debug\log.obj
c:\users\sheunggyu\documents\github\contagioncity\server\server\corelib\debug\crypt.obj
c:\users\sheunggyu\documents\github\contagioncity\server\server\corelib\debug\service.obj
c:\users\sheunggyu\documents\github\contagioncity\server\server\corelib\debug\minidump.obj
c:\users\sheunggyu\documents\github\contagioncity\server\server\corelib\debug\stream.obj
c:\users\sheunggyu\documents\github\contagioncity\server\server\corelib\debug\random.obj
c:\users\sheunggyu\documents\github\contagioncity\server\server\corelib\debug\networksession.obj
c:\users\sheunggyu\documents\github\contagioncity\server\server\corelib\debug\eventselect.obj
c:\users\sheunggyu\documents\github\contagioncity\server\server\corelib\debug\packetsession.obj
c:\users\sheunggyu\documents\github\contagioncity\server\server\corelib\debug\iocp.obj
c:\users\sheunggyu\documents\github\contagioncity\server\server\debug\corelib.lib
c:\users\sheunggyu\documents\github\contagioncity\server\server\corelib\debug\corelib.lib
c:\users\sheunggyu\documents\github\contagioncity\server\server\corelib\debug\corelib.tlog\cl.command.1.tlog
c:\users\sheunggyu\documents\github\contagioncity\server\server\corelib\debug\corelib.tlog\cl.read.1.tlog
c:\users\sheunggyu\documents\github\contagioncity\server\server\corelib\debug\corelib.tlog\cl.write.1.tlog
c:\users\sheunggyu\documents\github\contagioncity\server\server\corelib\debug\corelib.tlog\lib-link.read.1.tlog
c:\users\sheunggyu\documents\github\contagioncity\server\server\corelib\debug\corelib.tlog\lib-link.write.1.tlog
c:\users\sheunggyu\documents\github\contagioncity\server\server\corelib\debug\corelib.tlog\lib.command.1.tlog
