  Shader.cpp
  Mesh.cpp
c:\users\garam\documents\github\contagioncity\contagioncity\client\contagioncity\contagioncity\mesh.cpp(84): warning C4553: '==' : 의미 없는 연산자입니다. '='을(를) 사용하려고 했습니까?
c:\users\garam\documents\github\contagioncity\contagioncity\client\contagioncity\contagioncity\mesh.cpp(692): warning C4018: '<' : signed 또는 unsigned가 일치하지 않습니다.
c:\users\garam\documents\github\contagioncity\contagioncity\client\contagioncity\contagioncity\mesh.cpp(699): warning C4018: '<' : signed 또는 unsigned가 일치하지 않습니다.
  코드를 생성하고 있습니다...
c:\users\garam\documents\github\contagioncity\contagioncity\client\contagioncity\contagioncity\mesh.cpp(87): warning C4715: 'AnimationClip::FindBone' : 모든 제어 경로에서 값을 반환하지는 않습니다.
c:\users\garam\documents\github\contagioncity\contagioncity\client\contagioncity\contagioncity\mesh.cpp(96): warning C4715: 'AnimationClip::FindBone' : 모든 제어 경로에서 값을 반환하지는 않습니다.
  건너뛰고 있습니다... (관련된 변경 내용 없음)
  Scene.cpp
  Player.cpp
  Object.cpp
  GameFramework.cpp
  ContagionCity.cpp
  Camera.cpp
  FBXManger.cpp
c:\users\garam\documents\github\contagioncity\contagioncity\client\contagioncity\contagioncity\fbxmanger.cpp(113): warning C4244: '=' : 'fbxsdk_2015_1::FbxDouble'에서 'FLOAT'(으)로 변환하면서 데이터가 손실될 수 있습니다.
c:\users\garam\documents\github\contagioncity\contagioncity\client\contagioncity\contagioncity\fbxmanger.cpp(114): warning C4244: '=' : 'fbxsdk_2015_1::FbxDouble'에서 'FLOAT'(으)로 변환하면서 데이터가 손실될 수 있습니다.
c:\users\garam\documents\github\contagioncity\contagioncity\client\contagioncity\contagioncity\fbxmanger.cpp(115): warning C4244: '=' : 'fbxsdk_2015_1::FbxDouble'에서 'FLOAT'(으)로 변환하면서 데이터가 손실될 수 있습니다.
c:\users\garam\documents\github\contagioncity\contagioncity\client\contagioncity\contagioncity\fbxmanger.cpp(116): warning C4244: '=' : 'fbxsdk_2015_1::FbxDouble'에서 'FLOAT'(으)로 변환하면서 데이터가 손실될 수 있습니다.
c:\users\garam\documents\github\contagioncity\contagioncity\client\contagioncity\contagioncity\fbxmanger.cpp(117): warning C4244: '=' : 'fbxsdk_2015_1::FbxDouble'에서 'FLOAT'(으)로 변환하면서 데이터가 손실될 수 있습니다.
c:\users\garam\documents\github\contagioncity\contagioncity\client\contagioncity\contagioncity\fbxmanger.cpp(118): warning C4244: '=' : 'fbxsdk_2015_1::FbxDouble'에서 'FLOAT'(으)로 변환하면서 데이터가 손실될 수 있습니다.
c:\users\garam\documents\github\contagioncity\contagioncity\client\contagioncity\contagioncity\fbxmanger.cpp(119): warning C4244: '=' : 'fbxsdk_2015_1::FbxDouble'에서 'FLOAT'(으)로 변환하면서 데이터가 손실될 수 있습니다.
c:\users\garam\documents\github\contagioncity\contagioncity\client\contagioncity\contagioncity\fbxmanger.cpp(120): warning C4244: '=' : 'fbxsdk_2015_1::FbxDouble'에서 'FLOAT'(으)로 변환하면서 데이터가 손실될 수 있습니다.
c:\users\garam\documents\github\contagioncity\contagioncity\client\contagioncity\contagioncity\fbxmanger.cpp(138): warning C4244: '=' : 'int'에서 'FLOAT'(으)로 변환하면서 데이터가 손실될 수 있습니다.
c:\users\garam\documents\github\contagioncity\contagioncity\client\contagioncity\contagioncity\fbxmanger.cpp(144): warning C4244: '=' : 'int'에서 'FLOAT'(으)로 변환하면서 데이터가 손실될 수 있습니다.
c:\users\garam\documents\github\contagioncity\contagioncity\client\contagioncity\contagioncity\fbxmanger.cpp(150): warning C4244: '=' : 'int'에서 'FLOAT'(으)로 변환하면서 데이터가 손실될 수 있습니다.
c:\users\garam\documents\github\contagioncity\contagioncity\client\contagioncity\contagioncity\fbxmanger.cpp(155): warning C4244: '=' : 'int'에서 'FLOAT'(으)로 변환하면서 데이터가 손실될 수 있습니다.
c:\users\garam\documents\github\contagioncity\contagioncity\client\contagioncity\contagioncity\fbxmanger.cpp(170): warning C4996: 'fbxsdk_2015_1::FbxObject::GetSrcObjectCount': deprecated로 선언되었습니다.
          d:\setupdirectory\fbx\2015.1\include\fbxsdk\core\fbxobject.h(474) : 'fbxsdk_2015_1::FbxObject::GetSrcObjectCount' 선언을 참조하십시오.
c:\users\garam\documents\github\contagioncity\contagioncity\client\contagioncity\contagioncity\fbxmanger.cpp(173): warning C4996: 'fbxsdk_2015_1::FbxObject::GetSrcObject': deprecated로 선언되었습니다.
          d:\setupdirectory\fbx\2015.1\include\fbxsdk\core\fbxobject.h(494) : 'fbxsdk_2015_1::FbxObject::GetSrcObject' 선언을 참조하십시오.
c:\users\garam\documents\github\contagioncity\contagioncity\client\contagioncity\contagioncity\fbxmanger.cpp(575): warning C4244: '인수' : 'fbxsdk_2015_1::FbxDouble'에서 'FLOAT'(으)로 변환하면서 데이터가 손실될 수 있습니다.
c:\users\garam\documents\github\contagioncity\contagioncity\client\contagioncity\contagioncity\fbxmanger.cpp(598): warning C4244: '인수' : 'fbxsdk_2015_1::FbxDouble'에서 'FLOAT'(으)로 변환하면서 데이터가 손실될 수 있습니다.
c:\users\garam\documents\github\contagioncity\contagioncity\client\contagioncity\contagioncity\fbxmanger.cpp(615): warning C4018: '<' : signed 또는 unsigned가 일치하지 않습니다.
c:\users\garam\documents\github\contagioncity\contagioncity\client\contagioncity\contagioncity\fbxmanger.cpp(79): warning C4715: 'FBXManager::LoadFBX' : 모든 제어 경로에서 값을 반환하지는 않습니다.
  ContagionCity.vcxproj -> C:\Users\Garam\Documents\GitHub\ContagionCity\ContagionCity\client\ContagionCity\Debug\ContagionCity.exe
