Build started 2016-05-13 오전 12:53:18.
     1>Project "C:\Users\Sheunggyu\Desktop\ContagionCity\server\LoginServer\LoginServer\LoginServer.vcxproj" on node 2 (Build target(s)).
     1>ClCompile:
         C:\Program Files (x86)\Microsoft Visual Studio 12.0\VC\bin\CL.exe /c /ZI /nologo /W3 /WX- /Od /Oy- /D WIN32 /D _DEBUG /D _CONSOLE /D _LIB /D _UNICODE /D UNICODE /Gm /EHsc /RTC1 /MDd /GS /fp:precise /Zc:wchar_t /Zc:forScope /Fo"Debug\\" /Fd"Debug\vc120.pdb" /Gd /TP /analyze- /errorReport:prompt Login.cpp
         Login.cpp
     1>c:\users\sheunggyu\desktop\contagioncity\server\loginserver\loginserver\login.cpp(58): warning C4101: 'e' : unreferenced local variable
     1>c:\users\sheunggyu\desktop\contagioncity\server\loginserver\loginserver\login.cpp(82): warning C4101: 'e' : unreferenced local variable
     1>c:\users\sheunggyu\desktop\contagioncity\server\loginserver\loginserver\login.cpp(157): warning C4244: 'argument' : conversion from 'DWORD' to 'const WORD', possible loss of data
     1>c:\users\sheunggyu\desktop\contagioncity\server\loginserver\loginserver\login.cpp(165): warning C4101: 'e' : unreferenced local variable
     1>c:\users\sheunggyu\desktop\contagioncity\server\loginserver\loginserver\login.cpp(292): warning C4715: 'Login::getnewClientID' : not all control paths return a value
       Link:
         C:\Program Files (x86)\Microsoft Visual Studio 12.0\VC\bin\link.exe /ERRORREPORT:PROMPT /OUT:"C:\Users\Sheunggyu\Desktop\ContagionCity\server\LoginServer\Debug\LoginServer.exe" /INCREMENTAL /NOLOGO ws2_32.lib kernel32.lib user32.lib gdi32.lib winspool.lib comdlg32.lib advapi32.lib shell32.lib ole32.lib oleaut32.lib uuid.lib odbc32.lib odbccp32.lib /MANIFEST /MANIFESTUAC:"level='asInvoker' uiAccess='false'" /manifest:embed /DEBUG /PDB:"C:\Users\Sheunggyu\Desktop\ContagionCity\server\LoginServer\Debug\LoginServer.pdb" /SUBSYSTEM:CONSOLE /TLBID:1 /DYNAMICBASE /NXCOMPAT /IMPLIB:"C:\Users\Sheunggyu\Desktop\ContagionCity\server\LoginServer\Debug\LoginServer.lib" /MACHINE:X86 Debug\Login.obj
         Debug\main.obj
         Debug\PacketDispatcher.obj
         Debug\Account.obj
         Debug\Protocol.obj
         Debug\RingBuffer.obj
         LoginServer.vcxproj -> C:\Users\Sheunggyu\Desktop\ContagionCity\server\LoginServer\Debug\LoginServer.exe
     1>Done Building Project "C:\Users\Sheunggyu\Desktop\ContagionCity\server\LoginServer\LoginServer\LoginServer.vcxproj" (Build target(s)).

Build succeeded.

Time Elapsed 00:00:01.32
