C:\Program Files (x86)\MSBuild\Microsoft.Cpp\v4.0\V140\Microsoft.CppBuild.targets(392,5): warning MSB8028: The intermediate directory (Debug\) contains files shared from another project (ConsoleApplication1.vcxproj, GameServer.vcxproj).  This can lead to incorrect clean and rebuild behavior.
  PacketMaker.cpp
c:\users\sheunggyu\desktop\contagioncity\server\server(신서버)\consoleapplication1\sector.h(16): warning C4227: 오래된 구문을 사용했습니다. 참조의 한정자가 무시됩니다.
c:\users\sheunggyu\desktop\contagioncity\server\server(신서버)\consoleapplication1\object.h(48): warning C4244: '인수': 'const int'에서 'float'(으)로 변환하면서 데이터가 손실될 수 있습니다.
c:\users\sheunggyu\desktop\contagioncity\server\server(신서버)\consoleapplication1\object.h(55): warning C4244: '인수': 'const int'에서 'float'(으)로 변환하면서 데이터가 손실될 수 있습니다.
c:\users\sheunggyu\desktop\contagioncity\server\server(신서버)\consoleapplication1\packetmaker.cpp(52): warning C4244: '=': 'const DWORD'에서 'WORD'(으)로 변환하면서 데이터가 손실될 수 있습니다.
c:\users\sheunggyu\desktop\contagioncity\server\server(신서버)\consoleapplication1\packetmaker.cpp(53): warning C4244: '=': 'const DWORD'에서 'WORD'(으)로 변환하면서 데이터가 손실될 수 있습니다.
c:\users\sheunggyu\desktop\contagioncity\server\server(신서버)\consoleapplication1\packetmaker.cpp(54): warning C4244: '=': 'const DWORD'에서 'WORD'(으)로 변환하면서 데이터가 손실될 수 있습니다.
c:\users\sheunggyu\desktop\contagioncity\server\server(신서버)\consoleapplication1\packetmaker.cpp(55): warning C4244: '=': 'const DWORD'에서 'WORD'(으)로 변환하면서 데이터가 손실될 수 있습니다.
c:\users\sheunggyu\desktop\contagioncity\server\server(신서버)\consoleapplication1\packetmaker.cpp(56): warning C4244: '=': 'const DWORD'에서 'WORD'(으)로 변환하면서 데이터가 손실될 수 있습니다.
c:\users\sheunggyu\desktop\contagioncity\server\server(신서버)\consoleapplication1\packetmaker.cpp(57): warning C4244: '=': 'const DWORD'에서 'WORD'(으)로 변환하면서 데이터가 손실될 수 있습니다.
c:\users\sheunggyu\desktop\contagioncity\server\server(신서버)\consoleapplication1\packetmaker.cpp(58): warning C4244: '=': 'const DWORD'에서 'WORD'(으)로 변환하면서 데이터가 손실될 수 있습니다.
c:\users\sheunggyu\desktop\contagioncity\server\server(신서버)\consoleapplication1\packetmaker.cpp(88): warning C4244: '=': 'const DWORD'에서 'WORD'(으)로 변환하면서 데이터가 손실될 수 있습니다.
c:\users\sheunggyu\desktop\contagioncity\server\server(신서버)\consoleapplication1\packetmaker.cpp(89): warning C4244: '=': 'const DWORD'에서 'WORD'(으)로 변환하면서 데이터가 손실될 수 있습니다.
c:\users\sheunggyu\desktop\contagioncity\server\server(신서버)\consoleapplication1\packetmaker.cpp(90): warning C4244: '=': 'const DWORD'에서 'WORD'(으)로 변환하면서 데이터가 손실될 수 있습니다.
c:\users\sheunggyu\desktop\contagioncity\server\server(신서버)\consoleapplication1\packetmaker.cpp(91): warning C4244: '=': 'const DWORD'에서 'WORD'(으)로 변환하면서 데이터가 손실될 수 있습니다.
c:\users\sheunggyu\desktop\contagioncity\server\server(신서버)\consoleapplication1\packetmaker.cpp(92): warning C4244: '=': 'const DWORD'에서 'WORD'(으)로 변환하면서 데이터가 손실될 수 있습니다.
c:\users\sheunggyu\desktop\contagioncity\server\server(신서버)\consoleapplication1\packetmaker.cpp(93): warning C4244: '=': 'const DWORD'에서 'WORD'(으)로 변환하면서 데이터가 손실될 수 있습니다.
c:\users\sheunggyu\desktop\contagioncity\server\server(신서버)\consoleapplication1\packetmaker.cpp(94): warning C4244: '=': 'const DWORD'에서 'WORD'(으)로 변환하면서 데이터가 손실될 수 있습니다.
c:\users\sheunggyu\desktop\contagioncity\server\server(신서버)\consoleapplication1\packetmaker.cpp(104): warning C4244: '=': 'const DWORD'에서 'WORD'(으)로 변환하면서 데이터가 손실될 수 있습니다.
c:\users\sheunggyu\desktop\contagioncity\server\server(신서버)\consoleapplication1\packetmaker.cpp(105): warning C4244: '=': 'const DWORD'에서 'WORD'(으)로 변환하면서 데이터가 손실될 수 있습니다.
c:\users\sheunggyu\desktop\contagioncity\server\server(신서버)\consoleapplication1\packetmaker.cpp(106): warning C4244: '=': 'const DWORD'에서 'WORD'(으)로 변환하면서 데이터가 손실될 수 있습니다.
c:\users\sheunggyu\desktop\contagioncity\server\server(신서버)\consoleapplication1\packetmaker.cpp(107): warning C4244: '=': 'const DWORD'에서 'WORD'(으)로 변환하면서 데이터가 손실될 수 있습니다.
c:\users\sheunggyu\desktop\contagioncity\server\server(신서버)\consoleapplication1\packetmaker.cpp(108): warning C4244: '=': 'const DWORD'에서 'WORD'(으)로 변환하면서 데이터가 손실될 수 있습니다.
c:\users\sheunggyu\desktop\contagioncity\server\server(신서버)\consoleapplication1\packetmaker.cpp(109): warning C4244: '=': 'const DWORD'에서 'WORD'(으)로 변환하면서 데이터가 손실될 수 있습니다.
c:\users\sheunggyu\desktop\contagioncity\server\server(신서버)\consoleapplication1\packetmaker.cpp(114): warning C4244: '=': 'DWORD'에서 'WORD'(으)로 변환하면서 데이터가 손실될 수 있습니다.
c:\users\sheunggyu\desktop\contagioncity\server\server(신서버)\consoleapplication1\packetmaker.cpp(142): warning C4244: '=': 'DWORD'에서 'WORD'(으)로 변환하면서 데이터가 손실될 수 있습니다.
c:\users\sheunggyu\desktop\contagioncity\server\server(신서버)\consoleapplication1\packetmaker.cpp(171): warning C4244: '=': 'DWORD'에서 'WORD'(으)로 변환하면서 데이터가 손실될 수 있습니다.
c:\users\sheunggyu\desktop\contagioncity\server\server(신서버)\consoleapplication1\packetmaker.cpp(203): warning C4244: '=': 'DWORD'에서 'WORD'(으)로 변환하면서 데이터가 손실될 수 있습니다.
c:\users\sheunggyu\desktop\contagioncity\server\server(신서버)\consoleapplication1\packetmaker.cpp(204): warning C4244: '=': 'const DWORD'에서 'WORD'(으)로 변환하면서 데이터가 손실될 수 있습니다.
c:\users\sheunggyu\desktop\contagioncity\server\server(신서버)\consoleapplication1\packetmaker.cpp(253): warning C4244: '=': 'DWORD'에서 'WORD'(으)로 변환하면서 데이터가 손실될 수 있습니다.
  ConsoleApplication1.vcxproj -> C:\Users\Sheunggyu\Desktop\ContagionCity\server\Server(신서버)\Debug\ConsoleApplication.exe
