Build started 2016-03-30 오후 9:50:18.
     1>Project "C:\Users\Sheunggyu\Documents\GitHub\ContagionCity\server\server\Server\Server.vcxproj" on node 2 (Build target(s)).
     1>ClCompile:
         C:\Program Files (x86)\Microsoft Visual Studio 12.0\VC\bin\CL.exe /c /ZI /nologo /W3 /WX- /sdl /Od /Oy- /D WIN32 /D _DEBUG /D _CONSOLE /D _LIB /D _UNICODE /D UNICODE /Gm /EHsc /RTC1 /MDd /GS /fp:precise /Zc:wchar_t /Zc:forScope /Yc"stdafx.h" /Fp"Debug\Server.pch" /Fo"Debug\\" /Fd"Debug\vc120.pdb" /Gd /TP /analyze- /errorReport:prompt stdafx.cpp
         stdafx.cpp
     1>c:\users\sheunggyu\documents\github\contagioncity\server\server\server\connecteduser.h(21): error C2143: syntax error : missing ';' before '*'
     1>c:\users\sheunggyu\documents\github\contagioncity\server\server\server\connecteduser.h(21): error C4430: missing type specifier - int assumed. Note: C++ does not support default-int
     1>c:\users\sheunggyu\documents\github\contagioncity\server\server\server\connecteduser.h(61): error C2061: syntax error : identifier 'CRoom'
     1>c:\users\sheunggyu\documents\github\contagioncity\server\server\server\connecteduser.h(62): error C2143: syntax error : missing ';' before '*'
     1>c:\users\sheunggyu\documents\github\contagioncity\server\server\server\connecteduser.h(62): error C2433: 'CConnectedUser::CRoom' : 'inline' not permitted on data declarations
     1>c:\users\sheunggyu\documents\github\contagioncity\server\server\server\connecteduser.h(62): error C4430: missing type specifier - int assumed. Note: C++ does not support default-int
     1>c:\users\sheunggyu\documents\github\contagioncity\server\server\server\connecteduser.h(62): warning C4183: 'GetEnteredRoom': missing return type; assumed to be a member function returning 'int'
     1>c:\users\sheunggyu\documents\github\contagioncity\server\server\server\connecteduser.h(61): error C2065: 'mEnteredRoom' : undeclared identifier
     1>c:\users\sheunggyu\documents\github\contagioncity\server\server\server\connecteduser.h(61): error C2065: 'room' : undeclared identifier
     1>c:\users\sheunggyu\documents\github\contagioncity\server\server\server\connecteduser.h(62): error C2065: 'mEnteredRoom' : undeclared identifier
     1>c:\users\sheunggyu\documents\github\contagioncity\server\server\server\room.h(33): error C2061: syntax error : identifier 'CGameIocp'
     1>c:\users\sheunggyu\documents\github\contagioncity\server\server\server\room.h(43): error C2061: syntax error : identifier 'CGameIocp'
     1>c:\users\sheunggyu\documents\github\contagioncity\server\server\server\serveriocp.h(32): error C2146: syntax error : missing ';' before identifier 'm_oConnectedSessionManager'
     1>c:\users\sheunggyu\documents\github\contagioncity\server\server\server\serveriocp.h(32): error C4430: missing type specifier - int assumed. Note: C++ does not support default-int
     1>Done Building Project "C:\Users\Sheunggyu\Documents\GitHub\ContagionCity\server\server\Server\Server.vcxproj" (Build target(s)) -- FAILED.

Build FAILED.

Time Elapsed 00:00:01.23
