Build started 2016-04-13 오후 6:28:36.
     1>Project "C:\Users\Sheunggyu\Desktop\ContagionCity\server\server\Server\Server.vcxproj" on node 2 (Build target(s)).
     1>ClCompile:
         C:\Program Files (x86)\Microsoft Visual Studio 12.0\VC\bin\x86_amd64\CL.exe /c /Zi /nologo /W3 /WX- /Od /D WIN32 /D _DEBUG /D _CONSOLE /D _UNICODE /D UNICODE /Gm- /EHsc /RTC1 /MDd /GS /fp:precise /Zc:wchar_t /Zc:forScope /Yc"stdafx.h" /Fp"x64\Debug\Server.pch" /Fo"x64\Debug\\" /Fd"x64\Debug\vc120.pdb" /Gd /TP /errorReport:prompt stdafx.cpp
         stdafx.cpp
     1>c:\users\sheunggyu\desktop\contagioncity\server\server\server\Character.h(67): warning C4244: '=' : conversion from 'INT64' to 'DWORD', possible loss of data
         C:\Program Files (x86)\Microsoft Visual Studio 12.0\VC\bin\x86_amd64\CL.exe /c /Zi /nologo /W3 /WX- /Od /D WIN32 /D _DEBUG /D _CONSOLE /D _UNICODE /D UNICODE /Gm- /EHsc /RTC1 /MDd /GS /fp:precise /Zc:wchar_t /Zc:forScope /Yu"stdafx.h" /Fp"x64\Debug\Server.pch" /Fo"x64\Debug\\" /Fd"x64\Debug\vc120.pdb" /Gd /TP /errorReport:prompt ConnectedUser.cpp ConnectedUserManager.cpp Server.cpp GameIocp.cpp Character.cpp Object.cpp Room.cpp RoomManager.cpp LobbyProtocolProc.cpp
         ConnectedUser.cpp
         ConnectedUserManager.cpp
         Server.cpp
         GameIocp.cpp
         Character.cpp
         Object.cpp
         Room.cpp
         RoomManager.cpp
         LobbyProtocolProc.cpp
         Generating Code...
       Link:
         C:\Program Files (x86)\Microsoft Visual Studio 12.0\VC\bin\x86_amd64\link.exe /ERRORREPORT:PROMPT /OUT:"C:\Users\Sheunggyu\Desktop\ContagionCity\server\server\x64\Debug\Server.exe" /INCREMENTAL /NOLOGO ws2_32.lib Mswsock.lib ../CoreLib/Debug/CoreLib.lib kernel32.lib user32.lib gdi32.lib winspool.lib comdlg32.lib advapi32.lib shell32.lib ole32.lib oleaut32.lib uuid.lib odbc32.lib odbccp32.lib /MANIFEST /MANIFESTUAC:"level='asInvoker' uiAccess='false'" /manifest:embed /DEBUG /PDB:"C:\Users\Sheunggyu\Desktop\ContagionCity\server\server\x64\Debug\Server.pdb" /SUBSYSTEM:CONSOLE /TLBID:1 /DYNAMICBASE /NXCOMPAT /IMPLIB:"C:\Users\Sheunggyu\Desktop\ContagionCity\server\server\x64\Debug\Server.lib" /MACHINE:X64 x64\Debug\ConnectedUser.obj
         x64\Debug\ConnectedUserManager.obj
         x64\Debug\Server.obj
         x64\Debug\GameIocp.obj
         x64\Debug\Character.obj
         x64\Debug\Object.obj
         x64\Debug\Room.obj
         x64\Debug\RoomManager.obj
         x64\Debug\LobbyProtocolProc.obj
         x64\Debug\stdafx.obj
     1>CoreLib.lib(MiniDump.obj) : fatal error LNK1112: module machine type 'X86' conflicts with target machine type 'x64'
     1>Done Building Project "C:\Users\Sheunggyu\Desktop\ContagionCity\server\server\Server\Server.vcxproj" (Build target(s)) -- FAILED.

Build FAILED.

Time Elapsed 00:00:02.25
