  Monster.cpp
c:\users\sheunggyu\desktop\contagioncity\server\server(신서버)\consoleapplication1\Sector.h(16): warning C4227: 오래된 구문을 사용했습니다. 참조의 한정자가 무시됩니다.
c:\users\sheunggyu\desktop\contagioncity\server\server(신서버)\consoleapplication1\Object.h(54): warning C4244: '인수': 'const int'에서 'float'(으)로 변환하면서 데이터가 손실될 수 있습니다.
c:\users\sheunggyu\desktop\contagioncity\server\server(신서버)\consoleapplication1\Object.h(61): warning C4244: '인수': 'const int'에서 'float'(으)로 변환하면서 데이터가 손실될 수 있습니다.
c:\users\sheunggyu\desktop\contagioncity\server\server(신서버)\consoleapplication1\TargetProcess.h(5): warning C4244: '초기화 중': 'double'에서 'int'(으)로 변환하면서 데이터가 손실될 수 있습니다.
c:\users\sheunggyu\desktop\contagioncity\server\server(신서버)\consoleapplication1\TargetProcess.h(86): warning C4244: '인수': 'const int'에서 'float'(으)로 변환하면서 데이터가 손실될 수 있습니다.
  c:\users\sheunggyu\desktop\contagioncity\server\server(신서버)\consoleapplication1\TargetProcess.h(81): note: 클래스 템플릿 멤버 함수 'void TargetProcess<User,Monster>::FindTarget(Owner *)'을(를) 컴파일하고 있습니다.
          with
          [
              Owner=Monster
          ]
  Monster.cpp(30): note: 컴파일 중인 함수 템플릿 인스턴스화 'void TargetProcess<User,Monster>::FindTarget(Owner *)'에 대한 참조를 확인하십시오.
          with
          [
              Owner=Monster
          ]
  c:\users\sheunggyu\desktop\contagioncity\server\server(신서버)\consoleapplication1\Monster.h(12): note: 컴파일 중인 클래스 템플릿 인스턴스화 'TargetProcess<User,Monster>'에 대한 참조를 확인하십시오.
  코드를 생성하고 있습니다.
  4 of 1450 functions ( 0.3%) were compiled, the rest were copied from previous compilation.
    2 functions were new in current compilation
    3 functions had inline decision re-evaluated but remain unchanged
  코드를 생성했습니다.
  ConsoleApplication1.vcxproj -> C:\Users\Sheunggyu\Desktop\ContagionCity\server\Server(신서버)\Release\ConsoleApplication.exe
